This file contains any messages produced by compilers while
running configure, to aid debugging if configure makes a mistake.

It was created by configure, which was
generated by GNU Autoconf 2.59.  Invocation command line was

  $ configure --prefix=/home/papa/src/libmachinelearning/fann-2.0.0 --exec-prefix=/home/papa/src/libmachinelearning/fann-2.0.0 --program-prefix=/home/papa/src/libmachinelearning/fann-2.0.0

## --------- ##
## Platform. ##
## --------- ##

hostname = papa-server
uname -m = x86_64
uname -r = 2.6.32-24-generic
uname -s = Linux
uname -v = #41-Ubuntu SMP Thu Aug 19 01:38:40 UTC 2010

/usr/bin/uname -p = unknown
/bin/uname -X     = unknown

/bin/arch              = unknown
/usr/bin/arch -k       = unknown
/usr/convex/getsysinfo = unknown
hostinfo               = unknown
/bin/machine           = unknown
/usr/bin/oslevel       = unknown
/bin/universe          = unknown

PATH: /usr/local/sbin
PATH: /usr/local/bin
PATH: /usr/sbin
PATH: /usr/bin
PATH: /sbin
PATH: /bin
PATH: /usr/games
PATH: /home/papa/src/LibOPF-oficial/bin
PATH: /home/papa/src/LibOPF-oficial/tools
PATH: /home/papa/src/utils


## ----------- ##
## Core tests. ##
## ----------- ##

configure:1536: checking for a BSD-compatible install
configure:1591: result: /usr/bin/install -c
configure:1602: checking whether build environment is sane
configure:1645: result: yes
configure:1678: checking for gawk
configure:1694: found /usr/bin/gawk
configure:1704: result: gawk
configure:1714: checking whether make sets $(MAKE)
configure:1734: result: yes
configure:1946: checking for gcc
configure:1962: found /usr/bin/gcc
configure:1972: result: gcc
configure:2216: checking for C compiler version
configure:2219: gcc --version </dev/null >&5
gcc (Ubuntu 4.4.3-4ubuntu5) 4.4.3
Copyright (C) 2009 Free Software Foundation, Inc.
This is free software; see the source for copying conditions.  There is NO
warranty; not even for MERCHANTABILITY or FITNESS FOR A PARTICULAR PURPOSE.

configure:2222: $? = 0
configure:2224: gcc -v </dev/null >&5
Using built-in specs.
Target: x86_64-linux-gnu
Configured with: ../src/configure -v --with-pkgversion='Ubuntu 4.4.3-4ubuntu5' --with-bugurl=file:///usr/share/doc/gcc-4.4/README.Bugs --enable-languages=c,c++,fortran,objc,obj-c++ --prefix=/usr --enable-shared --enable-multiarch --enable-linker-build-id --with-system-zlib --libexecdir=/usr/lib --without-included-gettext --enable-threads=posix --with-gxx-include-dir=/usr/include/c++/4.4 --program-suffix=-4.4 --enable-nls --enable-clocale=gnu --enable-libstdcxx-debug --enable-plugin --enable-objc-gc --disable-werror --with-arch-32=i486 --with-tune=generic --enable-checking=release --build=x86_64-linux-gnu --host=x86_64-linux-gnu --target=x86_64-linux-gnu
Thread model: posix
gcc version 4.4.3 (Ubuntu 4.4.3-4ubuntu5) 
configure:2227: $? = 0
configure:2229: gcc -V </dev/null >&5
gcc: '-V' option must have argument
configure:2232: $? = 1
configure:2255: checking for C compiler default output file name
configure:2258: gcc    conftest.c  >&5
configure:2261: $? = 0
configure:2307: result: a.out
configure:2312: checking whether the C compiler works
configure:2318: ./a.out
configure:2321: $? = 0
configure:2338: result: yes
configure:2345: checking whether we are cross compiling
configure:2347: result: no
configure:2350: checking for suffix of executables
configure:2352: gcc -o conftest    conftest.c  >&5
configure:2355: $? = 0
configure:2380: result: 
configure:2386: checking for suffix of object files
configure:2407: gcc -c   conftest.c >&5
configure:2410: $? = 0
configure:2432: result: o
configure:2436: checking whether we are using the GNU C compiler
configure:2460: gcc -c   conftest.c >&5
configure:2466: $? = 0
configure:2469: test -z 			 || test ! -s conftest.err
configure:2472: $? = 0
configure:2475: test -s conftest.o
configure:2478: $? = 0
configure:2491: result: yes
configure:2497: checking whether gcc accepts -g
configure:2518: gcc -c -g  conftest.c >&5
configure:2524: $? = 0
configure:2527: test -z 			 || test ! -s conftest.err
configure:2530: $? = 0
configure:2533: test -s conftest.o
configure:2536: $? = 0
configure:2547: result: yes
configure:2564: checking for gcc option to accept ANSI C
configure:2634: gcc  -c -g -O2  conftest.c >&5
configure:2640: $? = 0
configure:2643: test -z 			 || test ! -s conftest.err
configure:2646: $? = 0
configure:2649: test -s conftest.o
configure:2652: $? = 0
configure:2670: result: none needed
configure:2688: gcc -c -g -O2  conftest.c >&5
conftest.c:2: error: expected '=', ',', ';', 'asm' or '__attribute__' before 'me'
configure:2694: $? = 1
configure: failed program was:
| #ifndef __cplusplus
|   choke me
| #endif
configure:2835: checking for style of include used by make
configure:2863: result: GNU
configure:2891: checking dependency style of gcc
configure:2974: result: gcc3
configure:3069: checking build system type
configure:3087: result: x86_64-unknown-linux-gnu
configure:3095: checking host system type
configure:3109: result: x86_64-unknown-linux-gnu
configure:3117: checking for a sed that does not truncate output
configure:3171: result: /bin/sed
configure:3174: checking for egrep
configure:3184: result: grep -E
configure:3200: checking for ld used by gcc
configure:3267: result: /usr/bin/ld
configure:3276: checking if the linker (/usr/bin/ld) is GNU ld
configure:3291: result: yes
configure:3296: checking for /usr/bin/ld option to reload object files
configure:3303: result: -r
configure:3321: checking for BSD-compatible nm
configure:3363: result: /usr/bin/nm -B
configure:3367: checking whether ln -s works
configure:3371: result: yes
configure:3378: checking how to recognise dependent libraries
configure:3550: result: pass_all
configure:3635: gcc -c -g -O2  conftest.c >&5
configure:3638: $? = 0
configure:3763: checking how to run the C preprocessor
configure:3798: gcc -E  conftest.c
configure:3804: $? = 0
configure:3836: gcc -E  conftest.c
conftest.c:11:28: error: ac_nonexistent.h: No such file or directory
configure:3842: $? = 1
configure: failed program was:
| /* confdefs.h.  */
| 
| #define PACKAGE_NAME ""
| #define PACKAGE_TARNAME ""
| #define PACKAGE_VERSION ""
| #define PACKAGE_STRING ""
| #define PACKAGE_BUGREPORT ""
| #define PACKAGE "fann"
| #define VERSION "2.0.0"
| /* end confdefs.h.  */
| #include <ac_nonexistent.h>
configure:3881: result: gcc -E
configure:3905: gcc -E  conftest.c
configure:3911: $? = 0
configure:3943: gcc -E  conftest.c
conftest.c:11:28: error: ac_nonexistent.h: No such file or directory
configure:3949: $? = 1
configure: failed program was:
| /* confdefs.h.  */
| 
| #define PACKAGE_NAME ""
| #define PACKAGE_TARNAME ""
| #define PACKAGE_VERSION ""
| #define PACKAGE_STRING ""
| #define PACKAGE_BUGREPORT ""
| #define PACKAGE "fann"
| #define VERSION "2.0.0"
| /* end confdefs.h.  */
| #include <ac_nonexistent.h>
configure:3993: checking for ANSI C header files
configure:4018: gcc -c -g -O2  conftest.c >&5
configure:4024: $? = 0
configure:4027: test -z 			 || test ! -s conftest.err
configure:4030: $? = 0
configure:4033: test -s conftest.o
configure:4036: $? = 0
configure:4125: gcc -o conftest -g -O2   conftest.c  >&5
conftest.c: In function 'main':
conftest.c:28: warning: incompatible implicit declaration of built-in function 'exit'
configure:4128: $? = 0
configure:4130: ./conftest
configure:4133: $? = 0
configure:4148: result: yes
configure:4172: checking for sys/types.h
configure:4188: gcc -c -g -O2  conftest.c >&5
configure:4194: $? = 0
configure:4197: test -z 			 || test ! -s conftest.err
configure:4200: $? = 0
configure:4203: test -s conftest.o
configure:4206: $? = 0
configure:4217: result: yes
configure:4172: checking for sys/stat.h
configure:4188: gcc -c -g -O2  conftest.c >&5
configure:4194: $? = 0
configure:4197: test -z 			 || test ! -s conftest.err
configure:4200: $? = 0
configure:4203: test -s conftest.o
configure:4206: $? = 0
configure:4217: result: yes
configure:4172: checking for stdlib.h
configure:4188: gcc -c -g -O2  conftest.c >&5
configure:4194: $? = 0
configure:4197: test -z 			 || test ! -s conftest.err
configure:4200: $? = 0
configure:4203: test -s conftest.o
configure:4206: $? = 0
configure:4217: result: yes
configure:4172: checking for string.h
configure:4188: gcc -c -g -O2  conftest.c >&5
configure:4194: $? = 0
configure:4197: test -z 			 || test ! -s conftest.err
configure:4200: $? = 0
configure:4203: test -s conftest.o
configure:4206: $? = 0
configure:4217: result: yes
configure:4172: checking for memory.h
configure:4188: gcc -c -g -O2  conftest.c >&5
configure:4194: $? = 0
configure:4197: test -z 			 || test ! -s conftest.err
configure:4200: $? = 0
configure:4203: test -s conftest.o
configure:4206: $? = 0
configure:4217: result: yes
configure:4172: checking for strings.h
configure:4188: gcc -c -g -O2  conftest.c >&5
configure:4194: $? = 0
configure:4197: test -z 			 || test ! -s conftest.err
configure:4200: $? = 0
configure:4203: test -s conftest.o
configure:4206: $? = 0
configure:4217: result: yes
configure:4172: checking for inttypes.h
configure:4188: gcc -c -g -O2  conftest.c >&5
configure:4194: $? = 0
configure:4197: test -z 			 || test ! -s conftest.err
configure:4200: $? = 0
configure:4203: test -s conftest.o
configure:4206: $? = 0
configure:4217: result: yes
configure:4172: checking for stdint.h
configure:4188: gcc -c -g -O2  conftest.c >&5
configure:4194: $? = 0
configure:4197: test -z 			 || test ! -s conftest.err
configure:4200: $? = 0
configure:4203: test -s conftest.o
configure:4206: $? = 0
configure:4217: result: yes
configure:4172: checking for unistd.h
configure:4188: gcc -c -g -O2  conftest.c >&5
configure:4194: $? = 0
configure:4197: test -z 			 || test ! -s conftest.err
configure:4200: $? = 0
configure:4203: test -s conftest.o
configure:4206: $? = 0
configure:4217: result: yes
configure:4243: checking dlfcn.h usability
configure:4255: gcc -c -g -O2  conftest.c >&5
configure:4261: $? = 0
configure:4264: test -z 			 || test ! -s conftest.err
configure:4267: $? = 0
configure:4270: test -s conftest.o
configure:4273: $? = 0
configure:4283: result: yes
configure:4287: checking dlfcn.h presence
configure:4297: gcc -E  conftest.c
configure:4303: $? = 0
configure:4323: result: yes
configure:4358: checking for dlfcn.h
configure:4365: result: yes
configure:4430: checking for g++
configure:4446: found /usr/bin/g++
configure:4456: result: g++
configure:4472: checking for C++ compiler version
configure:4475: g++ --version </dev/null >&5
g++ (Ubuntu 4.4.3-4ubuntu5) 4.4.3
Copyright (C) 2009 Free Software Foundation, Inc.
This is free software; see the source for copying conditions.  There is NO
warranty; not even for MERCHANTABILITY or FITNESS FOR A PARTICULAR PURPOSE.

configure:4478: $? = 0
configure:4480: g++ -v </dev/null >&5
Using built-in specs.
Target: x86_64-linux-gnu
Configured with: ../src/configure -v --with-pkgversion='Ubuntu 4.4.3-4ubuntu5' --with-bugurl=file:///usr/share/doc/gcc-4.4/README.Bugs --enable-languages=c,c++,fortran,objc,obj-c++ --prefix=/usr --enable-shared --enable-multiarch --enable-linker-build-id --with-system-zlib --libexecdir=/usr/lib --without-included-gettext --enable-threads=posix --with-gxx-include-dir=/usr/include/c++/4.4 --program-suffix=-4.4 --enable-nls --enable-clocale=gnu --enable-libstdcxx-debug --enable-plugin --enable-objc-gc --disable-werror --with-arch-32=i486 --with-tune=generic --enable-checking=release --build=x86_64-linux-gnu --host=x86_64-linux-gnu --target=x86_64-linux-gnu
Thread model: posix
gcc version 4.4.3 (Ubuntu 4.4.3-4ubuntu5) 
configure:4483: $? = 0
configure:4485: g++ -V </dev/null >&5
g++: '-V' option must have argument
configure:4488: $? = 1
configure:4491: checking whether we are using the GNU C++ compiler
configure:4515: g++ -c   conftest.cc >&5
configure:4521: $? = 0
configure:4524: test -z 			 || test ! -s conftest.err
configure:4527: $? = 0
configure:4530: test -s conftest.o
configure:4533: $? = 0
configure:4546: result: yes
configure:4552: checking whether g++ accepts -g
configure:4573: g++ -c -g  conftest.cc >&5
configure:4579: $? = 0
configure:4582: test -z 			 || test ! -s conftest.err
configure:4585: $? = 0
configure:4588: test -s conftest.o
configure:4591: $? = 0
configure:4602: result: yes
configure:4644: g++ -c -g -O2  conftest.cc >&5
configure:4650: $? = 0
configure:4653: test -z 			 || test ! -s conftest.err
configure:4656: $? = 0
configure:4659: test -s conftest.o
configure:4662: $? = 0
configure:4688: g++ -c -g -O2  conftest.cc >&5
conftest.cc: In function 'int main()':
conftest.cc:26: error: 'exit' was not declared in this scope
configure:4694: $? = 1
configure: failed program was:
| /* confdefs.h.  */
| 
| #define PACKAGE_NAME ""
| #define PACKAGE_TARNAME ""
| #define PACKAGE_VERSION ""
| #define PACKAGE_STRING ""
| #define PACKAGE_BUGREPORT ""
| #define PACKAGE "fann"
| #define VERSION "2.0.0"
| #define STDC_HEADERS 1
| #define HAVE_SYS_TYPES_H 1
| #define HAVE_SYS_STAT_H 1
| #define HAVE_STDLIB_H 1
| #define HAVE_STRING_H 1
| #define HAVE_MEMORY_H 1
| #define HAVE_STRINGS_H 1
| #define HAVE_INTTYPES_H 1
| #define HAVE_STDINT_H 1
| #define HAVE_UNISTD_H 1
| #define HAVE_DLFCN_H 1
| /* end confdefs.h.  */
| 
| int
| main ()
| {
| exit (42);
|   ;
|   return 0;
| }
configure:4644: g++ -c -g -O2  conftest.cc >&5
conftest.cc:22: error: 'void std::exit(int)' should have been declared inside 'std'
configure:4650: $? = 1
configure: failed program was:
| /* confdefs.h.  */
| 
| #define PACKAGE_NAME ""
| #define PACKAGE_TARNAME ""
| #define PACKAGE_VERSION ""
| #define PACKAGE_STRING ""
| #define PACKAGE_BUGREPORT ""
| #define PACKAGE "fann"
| #define VERSION "2.0.0"
| #define STDC_HEADERS 1
| #define HAVE_SYS_TYPES_H 1
| #define HAVE_SYS_STAT_H 1
| #define HAVE_STDLIB_H 1
| #define HAVE_STRING_H 1
| #define HAVE_MEMORY_H 1
| #define HAVE_STRINGS_H 1
| #define HAVE_INTTYPES_H 1
| #define HAVE_STDINT_H 1
| #define HAVE_UNISTD_H 1
| #define HAVE_DLFCN_H 1
| /* end confdefs.h.  */
| extern "C" void std::exit (int) throw (); using std::exit;
| #include <stdlib.h>
| int
| main ()
| {
| exit (42);
|   ;
|   return 0;
| }
configure:4644: g++ -c -g -O2  conftest.cc >&5
conftest.cc:22: error: 'void std::exit(int)' should have been declared inside 'std'
In file included from conftest.cc:23:
/usr/include/stdlib.h:543: error: declaration of 'void std::exit(int) throw ()' throws different exceptions
conftest.cc:22: error: from previous declaration 'void std::exit(int)'
configure:4650: $? = 1
configure: failed program was:
| /* confdefs.h.  */
| 
| #define PACKAGE_NAME ""
| #define PACKAGE_TARNAME ""
| #define PACKAGE_VERSION ""
| #define PACKAGE_STRING ""
| #define PACKAGE_BUGREPORT ""
| #define PACKAGE "fann"
| #define VERSION "2.0.0"
| #define STDC_HEADERS 1
| #define HAVE_SYS_TYPES_H 1
| #define HAVE_SYS_STAT_H 1
| #define HAVE_STDLIB_H 1
| #define HAVE_STRING_H 1
| #define HAVE_MEMORY_H 1
| #define HAVE_STRINGS_H 1
| #define HAVE_INTTYPES_H 1
| #define HAVE_STDINT_H 1
| #define HAVE_UNISTD_H 1
| #define HAVE_DLFCN_H 1
| /* end confdefs.h.  */
| extern "C" void std::exit (int); using std::exit;
| #include <stdlib.h>
| int
| main ()
| {
| exit (42);
|   ;
|   return 0;
| }
configure:4644: g++ -c -g -O2  conftest.cc >&5
configure:4650: $? = 0
configure:4653: test -z 			 || test ! -s conftest.err
configure:4656: $? = 0
configure:4659: test -s conftest.o
configure:4662: $? = 0
configure:4688: g++ -c -g -O2  conftest.cc >&5
configure:4694: $? = 0
configure:4697: test -z 			 || test ! -s conftest.err
configure:4700: $? = 0
configure:4703: test -s conftest.o
configure:4706: $? = 0
configure:4731: checking dependency style of g++
configure:4814: result: gcc3
configure:4841: checking how to run the C++ preprocessor
configure:4872: g++ -E  conftest.cc
configure:4878: $? = 0
configure:4910: g++ -E  conftest.cc
conftest.cc:25:28: error: ac_nonexistent.h: No such file or directory
configure:4916: $? = 1
configure: failed program was:
| /* confdefs.h.  */
| 
| #define PACKAGE_NAME ""
| #define PACKAGE_TARNAME ""
| #define PACKAGE_VERSION ""
| #define PACKAGE_STRING ""
| #define PACKAGE_BUGREPORT ""
| #define PACKAGE "fann"
| #define VERSION "2.0.0"
| #define STDC_HEADERS 1
| #define HAVE_SYS_TYPES_H 1
| #define HAVE_SYS_STAT_H 1
| #define HAVE_STDLIB_H 1
| #define HAVE_STRING_H 1
| #define HAVE_MEMORY_H 1
| #define HAVE_STRINGS_H 1
| #define HAVE_INTTYPES_H 1
| #define HAVE_STDINT_H 1
| #define HAVE_UNISTD_H 1
| #define HAVE_DLFCN_H 1
| #ifdef __cplusplus
| extern "C" void exit (int) throw ();
| #endif
| /* end confdefs.h.  */
| #include <ac_nonexistent.h>
configure:4955: result: g++ -E
configure:4979: g++ -E  conftest.cc
configure:4985: $? = 0
configure:5017: g++ -E  conftest.cc
conftest.cc:25:28: error: ac_nonexistent.h: No such file or directory
configure:5023: $? = 1
configure: failed program was:
| /* confdefs.h.  */
| 
| #define PACKAGE_NAME ""
| #define PACKAGE_TARNAME ""
| #define PACKAGE_VERSION ""
| #define PACKAGE_STRING ""
| #define PACKAGE_BUGREPORT ""
| #define PACKAGE "fann"
| #define VERSION "2.0.0"
| #define STDC_HEADERS 1
| #define HAVE_SYS_TYPES_H 1
| #define HAVE_SYS_STAT_H 1
| #define HAVE_STDLIB_H 1
| #define HAVE_STRING_H 1
| #define HAVE_MEMORY_H 1
| #define HAVE_STRINGS_H 1
| #define HAVE_INTTYPES_H 1
| #define HAVE_STDINT_H 1
| #define HAVE_UNISTD_H 1
| #define HAVE_DLFCN_H 1
| #ifdef __cplusplus
| extern "C" void exit (int) throw ();
| #endif
| /* end confdefs.h.  */
| #include <ac_nonexistent.h>
configure:5120: checking for g77
configure:5149: result: no
configure:5120: checking for f77
configure:5149: result: no
configure:5120: checking for xlf
configure:5149: result: no
configure:5120: checking for frt
configure:5149: result: no
configure:5120: checking for pgf77
configure:5149: result: no
configure:5120: checking for fort77
configure:5149: result: no
configure:5120: checking for fl32
configure:5149: result: no
configure:5120: checking for af77
configure:5149: result: no
configure:5120: checking for f90
configure:5149: result: no
configure:5120: checking for xlf90
configure:5149: result: no
configure:5120: checking for pgf90
configure:5149: result: no
configure:5120: checking for epcf90
configure:5149: result: no
configure:5120: checking for f95
configure:5149: result: no
configure:5120: checking for fort
configure:5149: result: no
configure:5120: checking for xlf95
configure:5149: result: no
configure:5120: checking for ifc
configure:5149: result: no
configure:5120: checking for efc
configure:5149: result: no
configure:5120: checking for pgf95
configure:5149: result: no
configure:5120: checking for lf95
configure:5149: result: no
configure:5120: checking for gfortran
configure:5149: result: no
configure:5161: checking for Fortran 77 compiler version
configure:5164:  --version </dev/null >&5
configure: line 5165: --version: command not found
configure:5167: $? = 127
configure:5169:  -v </dev/null >&5
configure: line 5170: -v: command not found
configure:5172: $? = 127
configure:5174:  -V </dev/null >&5
configure: line 5175: -V: command not found
configure:5177: $? = 127
configure:5185: checking whether we are using the GNU Fortran 77 compiler
configure:5199:  -c  conftest.F >&5
configure: line 5200: -c: command not found
configure:5205: $? = 127
configure: failed program was:
|       program main
| #ifndef __GNUC__
|        choke me
| #endif
| 
|       end
configure:5230: result: no
configure:5236: checking whether  accepts -g
configure:5248:  -c -g conftest.f >&5
configure: line 5249: -c: command not found
configure:5254: $? = 127
configure: failed program was:
|       program main
| 
|       end
configure:5278: result: no
configure:5308: checking the maximum length of command line arguments
configure:5400: result: 32768
configure:5411: checking command to parse /usr/bin/nm -B output from gcc object
configure:5507: gcc -c -g -O2  conftest.c >&5
configure:5510: $? = 0
configure:5514: /usr/bin/nm -B conftest.o \| sed -n -e 's/^.*[ 	]\([ABCDGIRSTW][ABCDGIRSTW]*\)[ 	][ 	]*\([_A-Za-z][_A-Za-z0-9]*\)$/\1 \2 \2/p' \> conftest.nm
configure:5517: $? = 0
configure:5569: gcc -o conftest -g -O2   conftest.c conftstm.o >&5
configure:5572: $? = 0
configure:5610: result: ok
configure:5614: checking for objdir
configure:5629: result: .libs
configure:5719: checking for ar
configure:5735: found /usr/bin/ar
configure:5746: result: ar
configure:5799: checking for ranlib
configure:5815: found /usr/bin/ranlib
configure:5826: result: ranlib
configure:5879: checking for strip
configure:5895: found /usr/bin/strip
configure:5906: result: strip
configure:6193: checking if gcc static flag  works
configure:6221: result: yes
configure:6239: checking if gcc supports -fno-rtti -fno-exceptions
configure:6257: gcc -c -g -O2  -fno-rtti -fno-exceptions conftest.c >&5
cc1: warning: command line option "-fno-rtti" is valid for C++/ObjC++ but not for C
configure:6261: $? = 0
configure:6274: result: no
configure:6289: checking for gcc option to produce PIC
configure:6493: result: -fPIC
configure:6501: checking if gcc PIC flag -fPIC works
configure:6519: gcc -c -g -O2  -fPIC -DPIC conftest.c >&5
configure:6523: $? = 0
configure:6536: result: yes
configure:6560: checking if gcc supports -c -o file.o
configure:6581: gcc -c -g -O2  -o out/conftest2.o conftest.c >&5
configure:6585: $? = 0
configure:6607: result: yes
configure:6633: checking whether the gcc linker (/usr/bin/ld -m elf_x86_64) supports shared libraries
configure:7528: result: yes
configure:7554: checking whether -lc should be explicitly linked in
configure:7559: gcc -c -g -O2  conftest.c >&5
configure:7562: $? = 0
configure:7576: gcc -shared conftest.o  -v -Wl,-soname -Wl,conftest -o conftest 2\>\&1 \| grep  -lc  \>/dev/null 2\>\&1
configure:7579: $? = 0
configure:7591: result: no
configure:7599: checking dynamic linker characteristics
configure:8165: result: GNU/Linux ld.so
configure:8169: checking how to hardcode library paths into programs
configure:8194: result: immediate
configure:8208: checking whether stripping libraries is possible
configure:8213: result: yes
configure:9036: checking if libtool supports shared libraries
configure:9038: result: yes
configure:9041: checking whether to build shared libraries
configure:9062: result: yes
configure:9065: checking whether to build static libraries
configure:9069: result: yes
configure:9161: creating libtool
configure:9739: checking for ld used by g++
configure:9806: result: /usr/bin/ld -m elf_x86_64
configure:9815: checking if the linker (/usr/bin/ld -m elf_x86_64) is GNU ld
configure:9830: result: yes
configure:9881: checking whether the g++ linker (/usr/bin/ld -m elf_x86_64) supports shared libraries
configure:10759: result: yes
configure:10777: g++ -c -g -O2  conftest.cpp >&5
configure:10780: $? = 0
configure:10890: checking for g++ option to produce PIC
configure:11158: result: -fPIC
configure:11166: checking if g++ PIC flag -fPIC works
configure:11184: g++ -c -g -O2  -fPIC -DPIC conftest.cpp >&5
configure:11188: $? = 0
configure:11201: result: yes
configure:11225: checking if g++ supports -c -o file.o
configure:11246: g++ -c -g -O2  -o out/conftest2.o conftest.cpp >&5
configure:11250: $? = 0
configure:11272: result: yes
configure:11298: checking whether the g++ linker (/usr/bin/ld -m elf_x86_64) supports shared libraries
configure:11326: result: yes
configure:11397: checking dynamic linker characteristics
configure:11963: result: GNU/Linux ld.so
configure:11967: checking how to hardcode library paths into programs
configure:11992: result: immediate
configure:12006: checking whether stripping libraries is possible
configure:12011: result: yes
configure:19541: checking for ANSI C header files
configure:19696: result: yes
configure:19706: checking for an ANSI C-conforming const
configure:19773: gcc -c -g -O2  conftest.c >&5
configure:19779: $? = 0
configure:19782: test -z 			 || test ! -s conftest.err
configure:19785: $? = 0
configure:19788: test -s conftest.o
configure:19791: $? = 0
configure:19802: result: yes
configure:19812: checking whether time.h and sys/time.h may both be included
configure:19837: gcc -c -g -O2  conftest.c >&5
configure:19843: $? = 0
configure:19846: test -z 			 || test ! -s conftest.err
configure:19849: $? = 0
configure:19852: test -s conftest.o
configure:19855: $? = 0
configure:19866: result: yes
configure:19880: checking for gettimeofday
configure:19937: gcc -o conftest -g -O2   conftest.c  >&5
configure:19943: $? = 0
configure:19946: test -z 			 || test ! -s conftest.err
configure:19949: $? = 0
configure:19952: test -s conftest
configure:19955: $? = 0
configure:19967: result: yes
configure:20094: creating ./config.status

## ---------------------- ##
## Running config.status. ##
## ---------------------- ##

This file was extended by config.status, which was
generated by GNU Autoconf 2.59.  Invocation command line was

  CONFIG_FILES    = 
  CONFIG_HEADERS  = 
  CONFIG_LINKS    = 
  CONFIG_COMMANDS = 
  $ ./config.status 

on papa-server

config.status:754: creating Makefile
config.status:754: creating src/Makefile
config.status:754: creating src/include/Makefile
config.status:754: creating fann.pc
config.status:754: creating fann.spec
config.status:820: creating src/include/config.h
config.status:1114: executing depfiles commands

## ---------------- ##
## Cache variables. ##
## ---------------- ##

ac_cv_build=x86_64-unknown-linux-gnu
ac_cv_build_alias=x86_64-unknown-linux-gnu
ac_cv_c_compiler_gnu=yes
ac_cv_c_const=yes
ac_cv_cxx_compiler_gnu=yes
ac_cv_env_CC_set=
ac_cv_env_CC_value=
ac_cv_env_CFLAGS_set=
ac_cv_env_CFLAGS_value=
ac_cv_env_CPPFLAGS_set=
ac_cv_env_CPPFLAGS_value=
ac_cv_env_CPP_set=
ac_cv_env_CPP_value=
ac_cv_env_CXXCPP_set=
ac_cv_env_CXXCPP_value=
ac_cv_env_CXXFLAGS_set=
ac_cv_env_CXXFLAGS_value=
ac_cv_env_CXX_set=
ac_cv_env_CXX_value=
ac_cv_env_F77_set=
ac_cv_env_F77_value=
ac_cv_env_FFLAGS_set=
ac_cv_env_FFLAGS_value=
ac_cv_env_LDFLAGS_set=
ac_cv_env_LDFLAGS_value=
ac_cv_env_build_alias_set=
ac_cv_env_build_alias_value=
ac_cv_env_host_alias_set=
ac_cv_env_host_alias_value=
ac_cv_env_target_alias_set=
ac_cv_env_target_alias_value=
ac_cv_exeext=
ac_cv_f77_compiler_gnu=no
ac_cv_func_gettimeofday=yes
ac_cv_header_dlfcn_h=yes
ac_cv_header_inttypes_h=yes
ac_cv_header_memory_h=yes
ac_cv_header_stdc=yes
ac_cv_header_stdint_h=yes
ac_cv_header_stdlib_h=yes
ac_cv_header_string_h=yes
ac_cv_header_strings_h=yes
ac_cv_header_sys_stat_h=yes
ac_cv_header_sys_types_h=yes
ac_cv_header_time=yes
ac_cv_header_unistd_h=yes
ac_cv_host=x86_64-unknown-linux-gnu
ac_cv_host_alias=x86_64-unknown-linux-gnu
ac_cv_objext=o
ac_cv_path_install='/usr/bin/install -c'
ac_cv_prog_AWK=gawk
ac_cv_prog_CPP='gcc -E'
ac_cv_prog_CXXCPP='g++ -E'
ac_cv_prog_ac_ct_AR=ar
ac_cv_prog_ac_ct_CC=gcc
ac_cv_prog_ac_ct_CXX=g++
ac_cv_prog_ac_ct_RANLIB=ranlib
ac_cv_prog_ac_ct_STRIP=strip
ac_cv_prog_cc_g=yes
ac_cv_prog_cc_stdc=
ac_cv_prog_cxx_g=yes
ac_cv_prog_egrep='grep -E'
ac_cv_prog_f77_g=no
ac_cv_prog_make_make_set=yes
am_cv_CC_dependencies_compiler_type=gcc3
am_cv_CXX_dependencies_compiler_type=gcc3
lt_cv_deplibs_check_method=pass_all
lt_cv_file_magic_cmd='$MAGIC_CMD'
lt_cv_file_magic_test_file=
lt_cv_ld_reload_flag=-r
lt_cv_objdir=.libs
lt_cv_path_LD=/usr/bin/ld
lt_cv_path_LDCXX='/usr/bin/ld -m elf_x86_64'
lt_cv_path_NM='/usr/bin/nm -B'
lt_cv_path_SED=/bin/sed
lt_cv_prog_compiler_c_o=yes
lt_cv_prog_compiler_c_o_CXX=yes
lt_cv_prog_compiler_rtti_exceptions=no
lt_cv_prog_gnu_ld=yes
lt_cv_prog_gnu_ldcxx=yes
lt_cv_sys_global_symbol_pipe='sed -n -e '\''s/^.*[ 	]\([ABCDGIRSTW][ABCDGIRSTW]*\)[ 	][ 	]*\([_A-Za-z][_A-Za-z0-9]*\)$/\1 \2 \2/p'\'''
lt_cv_sys_global_symbol_to_c_name_address='sed -n -e '\''s/^: \([^ ]*\) $/  {\"\1\", (lt_ptr) 0},/p'\'' -e '\''s/^[BCDEGRST] \([^ ]*\) \([^ ]*\)$/  {"\2", (lt_ptr) \&\2},/p'\'''
lt_cv_sys_global_symbol_to_cdecl='sed -n -e '\''s/^. .* \(.*\)$/extern int \1;/p'\'''
lt_cv_sys_max_cmd_len=32768
lt_lt_cv_prog_compiler_c_o='"yes"'
lt_lt_cv_prog_compiler_c_o_CXX='"yes"'
lt_lt_cv_sys_global_symbol_pipe='"sed -n -e '\''s/^.*[ 	]\\([ABCDGIRSTW][ABCDGIRSTW]*\\)[ 	][ 	]*\\([_A-Za-z][_A-Za-z0-9]*\\)\$/\\1 \\2 \\2/p'\''"'
lt_lt_cv_sys_global_symbol_to_c_name_address='"sed -n -e '\''s/^: \\([^ ]*\\) \$/  {\\\"\\1\\\", (lt_ptr) 0},/p'\'' -e '\''s/^[BCDEGRST] \\([^ ]*\\) \\([^ ]*\\)\$/  {\"\\2\", (lt_ptr) \\&\\2},/p'\''"'
lt_lt_cv_sys_global_symbol_to_cdecl='"sed -n -e '\''s/^. .* \\(.*\\)\$/extern int \\1;/p'\''"'

## ----------------- ##
## Output variables. ##
## ----------------- ##

ACLOCAL='${SHELL} /home/papa/src/libmachinelearning/fann-2.0.0/missing --run aclocal-1.7'
AMDEPBACKSLASH='\'
AMDEP_FALSE='#'
AMDEP_TRUE=''
AMTAR='${SHELL} /home/papa/src/libmachinelearning/fann-2.0.0/missing --run tar'
AR='ar'
AUTOCONF='${SHELL} /home/papa/src/libmachinelearning/fann-2.0.0/missing --run autoconf'
AUTOHEADER='${SHELL} /home/papa/src/libmachinelearning/fann-2.0.0/missing --run autoheader'
AUTOMAKE='${SHELL} /home/papa/src/libmachinelearning/fann-2.0.0/missing --run automake-1.7'
AWK='gawk'
CC='gcc'
CCDEPMODE='depmode=gcc3'
CFLAGS='-g -O2'
CPP='gcc -E'
CPPFLAGS=''
CXX='g++'
CXXCPP='g++ -E'
CXXDEPMODE='depmode=gcc3'
CXXFLAGS='-g -O2'
CYGPATH_W='echo'
DEFS='-DHAVE_CONFIG_H'
DEPDIR='.deps'
ECHO='echo'
ECHO_C=''
ECHO_N='-n'
ECHO_T=''
EGREP='grep -E'
EXEEXT=''
F77=''
FFLAGS=''
INSTALL_DATA='${INSTALL} -m 644'
INSTALL_PROGRAM='${INSTALL}'
INSTALL_SCRIPT='${INSTALL}'
INSTALL_STRIP_PROGRAM='${SHELL} $(install_sh) -c -s'
LDFLAGS=''
LIBOBJS=''
LIBS=''
LIBTOOL='$(SHELL) $(top_builddir)/libtool'
LN_S='ln -s'
LTLIBOBJS=''
MAKEINFO='${SHELL} /home/papa/src/libmachinelearning/fann-2.0.0/missing --run makeinfo'
OBJEXT='o'
PACKAGE='fann'
PACKAGE_BUGREPORT=''
PACKAGE_NAME=''
PACKAGE_STRING=''
PACKAGE_TARNAME=''
PACKAGE_VERSION=''
PATH_SEPARATOR=':'
RANLIB='ranlib'
SET_MAKE=''
SHELL='/bin/sh'
STRIP='strip'
VERSION='2.0.0'
ac_ct_AR='ar'
ac_ct_CC='gcc'
ac_ct_CXX='g++'
ac_ct_F77=''
ac_ct_RANLIB='ranlib'
ac_ct_STRIP='strip'
am__fastdepCC_FALSE='#'
am__fastdepCC_TRUE=''
am__fastdepCXX_FALSE='#'
am__fastdepCXX_TRUE=''
am__include='include'
am__leading_dot='.'
am__quote=''
bindir='${exec_prefix}/bin'
build='x86_64-unknown-linux-gnu'
build_alias=''
build_cpu='x86_64'
build_os='linux-gnu'
build_vendor='unknown'
datadir='${prefix}/share'
exec_prefix='/home/papa/src/libmachinelearning/fann-2.0.0'
host='x86_64-unknown-linux-gnu'
host_alias=''
host_cpu='x86_64'
host_os='linux-gnu'
host_vendor='unknown'
includedir='${prefix}/include'
infodir='${prefix}/info'
install_sh='/home/papa/src/libmachinelearning/fann-2.0.0/install-sh'
libdir='${exec_prefix}/lib'
libexecdir='${exec_prefix}/libexec'
localstatedir='${prefix}/var'
mandir='${prefix}/man'
oldincludedir='/usr/include'
prefix='/home/papa/src/libmachinelearning/fann-2.0.0'
program_transform_name='s,^,/home/papa/src/libmachinelearning/fann-2.0.0,'
sbindir='${exec_prefix}/sbin'
sharedstatedir='${prefix}/com'
sysconfdir='${prefix}/etc'
target_alias=''

## ----------- ##
## confdefs.h. ##
## ----------- ##

#define HAVE_DLFCN_H 1
#define HAVE_GETTIMEOFDAY 1
#define HAVE_INTTYPES_H 1
#define HAVE_MEMORY_H 1
#define HAVE_STDINT_H 1
#define HAVE_STDLIB_H 1
#define HAVE_STRINGS_H 1
#define HAVE_STRING_H 1
#define HAVE_SYS_STAT_H 1
#define HAVE_SYS_TYPES_H 1
#define HAVE_UNISTD_H 1
#define PACKAGE "fann"
#define PACKAGE_BUGREPORT ""
#define PACKAGE_NAME ""
#define PACKAGE_STRING ""
#define PACKAGE_TARNAME ""
#define PACKAGE_VERSION ""
#define STDC_HEADERS 1
#define STDC_HEADERS 1
#define TIME_WITH_SYS_TIME 1
#define VERSION "2.0.0"
#endif
#ifdef __cplusplus
extern "C" void exit (int) throw ();

configure: exit 0
